<?xml version="1.0" encoding="UTF-8"?>
<!-- Generated by org.testng.reporters.JUnitXMLReporter -->
<testsuite ignored="6" hostname="DESKTOP-2TGAK1H" failures="0" tests="2" name="groupingtest" time="0.272" errors="0" timestamp="2024-10-27T21:11:43 IST">
  <testcase classname="day_22.PaymentTest" name="paymentinRupees" time="0.052"/>
  <testcase classname="day_22.PaymentTest" name="paymentinDollars" time="0.016"/>
  <testcase classname="day_22.SignUpTest" name="SignUpByX" time="0.0">
    <ignored/>
  </testcase> <!-- SignUpByX -->
  <testcase classname="day_22.SignUpTest" name="SignUpByFB" time="0.0">
    <ignored/>
  </testcase> <!-- SignUpByFB -->
  <testcase classname="day_22.LoginTest" name="loginByMail" time="0.0">
    <ignored/>
  </testcase> <!-- loginByMail -->
  <testcase classname="day_22.SignUpTest" name="SignUpByMail" time="0.0">
    <ignored/>
  </testcase> <!-- SignUpByMail -->
  <testcase classname="day_22.LoginTest" name="loginByX" time="0.0">
    <ignored/>
  </testcase> <!-- loginByX -->
  <testcase classname="day_22.LoginTest" name="loginByFB" time="0.0">
    <ignored/>
  </testcase> <!-- loginByFB -->
</testsuite> <!-- groupingtest -->
