<?xml version="1.0" encoding="UTF-8"?>
<!-- Generated by org.testng.reporters.JUnitXMLReporter -->
<testsuite ignored="0" hostname="DESKTOP-2TGAK1H" failures="0" tests="7" name="mytest" time="98.122" errors="0" timestamp="2024-10-24T22:04:29 IST">
  <testcase classname="day_20.OrangeHRM_Test" name="openapp" time="78.235"/>
  <testcase classname="day_20.OrangeHRM_Test" name="tesingLogo" time="5.304"/>
  <testcase classname="day_20.OrangeHRM_Test" name="testingLogin" time="12.779"/>
  <testcase classname="day_20.OrangeHRM_Test" name="closeapp" time="1.518"/>
  <testcase classname="day_20.TestNG_TestCase" name="openapp" time="0.0"/>
  <testcase classname="day_20.TestNG_TestCase" name="login" time="0.0"/>
  <testcase classname="day_20.TestNG_TestCase" name="logout" time="0.0"/>
</testsuite> <!-- mytest -->
