<?xml version="1.0" encoding="UTF-8"?>
<!-- Generated by org.testng.reporters.JUnitXMLReporter -->
<testsuite ignored="0" hostname="DESKTOP-2TGAK1H" failures="0" tests="3" name="chromeTest" time="63.805" errors="0" timestamp="2024-10-28T23:05:47 IST">
  <testcase classname="day_23.ParanTest" name="TestLogo" time="0.934"/>
  <testcase classname="day_23.ParanTest" name="TestTitle" time="0.34"/>
  <testcase classname="day_23.ParanTest" name="TestURL" time="0.123"/>
</testsuite> <!-- chromeTest -->
